<?xml version="1.0" encoding="UTF-8"?>
<!-- Generated by org.testng.reporters.JUnitReportReporter -->
<testsuite hostname="DESKTOP-CN5728E" failures="0" tests="6" name="com.Serviceobjectmodel.Scripts.HomeTest" time="5.817" errors="0" timestamp="2023-06-29T16:22:10 IST" skipped="0">
  <testcase classname="com.Serviceobjectmodel.Scripts.HomeTest" name="verifyingReparation" time="4.152"/>
  <system-out/>
  <testcase classname="com.Serviceobjectmodel.Scripts.HomeTest" name="verifyingshowdroping" time="0.277"/>
  <system-out/>
  <testcase classname="com.Serviceobjectmodel.Scripts.HomeTest" name="verifyingColumn" time="0.140"/>
  <system-out/>
  <testcase classname="com.Serviceobjectmodel.Scripts.HomeTest" name="verifyingnewColumn" time="0.096"/>
  <system-out/>
  <testcase classname="com.Serviceobjectmodel.Scripts.HomeTest" name="verifyingColumnView" time="0.236"/>
  <system-out/>
  <testcase classname="com.Serviceobjectmodel.Scripts.HomeTest" name="verifyingurl" time="0.916"/>
  <system-out/>
</testsuite> <!-- com.Serviceobjectmodel.Scripts.HomeTest -->
