<?xml version="1.0" encoding="UTF-8"?>
<!-- Generated by org.testng.reporters.JUnitReportReporter -->
<testsuite hostname="DESKTOP-CN5728E" failures="0" tests="6" name="com.Serviceobjectmodel.Scripts.HomeTest" time="4.383" errors="0" timestamp="2023-06-25T21:33:24 IST" skipped="0">
  <testcase classname="com.Serviceobjectmodel.Scripts.HomeTest" name="verifyingReparation" time="3.711"/>
  <system-out/>
  <testcase classname="com.Serviceobjectmodel.Scripts.HomeTest" name="verifyingColumn" time="0.157"/>
  <system-out/>
  <testcase classname="com.Serviceobjectmodel.Scripts.HomeTest" name="verifyingnewColumn" time="0.042"/>
  <system-out/>
  <testcase classname="com.Serviceobjectmodel.Scripts.HomeTest" name="verifyingColumnView" time="0.274"/>
  <system-out/>
  <testcase classname="com.Serviceobjectmodel.Scripts.HomeTest" name="verifyingshowdroping" time="0.170"/>
  <system-out/>
  <testcase classname="com.Serviceobjectmodel.Scripts.HomeTest" name="verifyingNewResultFilter" time="0.029"/>
  <system-out/>
</testsuite> <!-- com.Serviceobjectmodel.Scripts.HomeTest -->
