<?xml version="1.0" encoding="UTF-8"?>
<!-- Generated by org.testng.reporters.JUnitReportReporter -->
<testsuite hostname="DESKTOP-CN5728E" failures="0" tests="4" name="com.Serviceobjectmodel.Scripts.ServiceLoginTest" time="5.511" errors="0" timestamp="2023-06-28T11:28:53 IST" skipped="0">
  <testcase classname="com.Serviceobjectmodel.Scripts.ServiceLoginTest" name="verifySigninInvalidUserInvalidpass" time="1.156"/>
  <system-out/>
  <testcase classname="com.Serviceobjectmodel.Scripts.ServiceLoginTest" name="verifySigninInvalidUserValidpass" time="0.832"/>
  <system-out/>
  <testcase classname="com.Serviceobjectmodel.Scripts.ServiceLoginTest" name="verifySigninValidUserInvalidpass" time="0.769"/>
  <system-out/>
  <testcase classname="com.Serviceobjectmodel.Scripts.ServiceLoginTest" name="verifySigninValidUserValidpass" time="2.754"/>
  <system-out/>
</testsuite> <!-- com.Serviceobjectmodel.Scripts.ServiceLoginTest -->
