<?xml version="1.0" encoding="UTF-8"?>
<!-- Generated by org.testng.reporters.JUnitReportReporter -->
<testsuite hostname="DESKTOP-CN5728E" failures="0" tests="4" name="com.Serviceobjectmodel.Scripts.LoginTest" time="0.000" errors="0" timestamp="2023-06-21T12:04:13 IST" skipped="4">
  <testcase classname="com.Serviceobjectmodel.Scripts.LoginTest" name="verifySigninInvalidUserInvalidpass" time="0.000">
    <skipped/>
  </testcase> <!-- verifySigninInvalidUserInvalidpass -->
  <system-out/>
  <testcase classname="com.Serviceobjectmodel.Scripts.LoginTest" name="verifySigninInvalidUserValidpass" time="0.000">
    <skipped/>
  </testcase> <!-- verifySigninInvalidUserValidpass -->
  <system-out/>
  <testcase classname="com.Serviceobjectmodel.Scripts.LoginTest" name="verifySigninValidUserInvalidpass" time="0.000">
    <skipped/>
  </testcase> <!-- verifySigninValidUserInvalidpass -->
  <system-out/>
  <testcase classname="com.Serviceobjectmodel.Scripts.LoginTest" name="verifySigninValidUserValidpass" time="0.000">
    <skipped/>
  </testcase> <!-- verifySigninValidUserValidpass -->
  <system-out/>
</testsuite> <!-- com.Serviceobjectmodel.Scripts.LoginTest -->
