<?xml version="1.0" encoding="UTF-8"?>
<!-- Generated by org.testng.reporters.JUnitReportReporter -->
<testsuite hostname="DESKTOP-CN5728E" failures="0" tests="7" name="com.Serviceobjectmodel.Scripts.HomeTest" time="5.156" errors="0" timestamp="2023-06-28T11:28:53 IST" skipped="0">
  <testcase classname="com.Serviceobjectmodel.Scripts.HomeTest" name="verifyingReparation" time="3.477"/>
  <system-out/>
  <testcase classname="com.Serviceobjectmodel.Scripts.HomeTest" name="verifyingsearch" time="0.170"/>
  <system-out/>
  <testcase classname="com.Serviceobjectmodel.Scripts.HomeTest" name="verifyingColumn" time="0.204"/>
  <system-out/>
  <testcase classname="com.Serviceobjectmodel.Scripts.HomeTest" name="verifyingnewColumn" time="0.098"/>
  <system-out/>
  <testcase classname="com.Serviceobjectmodel.Scripts.HomeTest" name="verifyingshowdroping" time="0.327"/>
  <system-out/>
  <testcase classname="com.Serviceobjectmodel.Scripts.HomeTest" name="verifyingColumnView" time="0.150"/>
  <system-out/>
  <testcase classname="com.Serviceobjectmodel.Scripts.HomeTest" name="verifyingurl" time="0.730"/>
  <system-out/>
</testsuite> <!-- com.Serviceobjectmodel.Scripts.HomeTest -->
