<?xml version="1.0" encoding="UTF-8"?>
<!-- Generated by org.testng.reporters.JUnitReportReporter -->
<testsuite hostname="DESKTOP-CN5728E" failures="0" tests="3" name="com.Serviceobjectmodel.Scripts.ProductTest" time="0.355" errors="0" timestamp="2023-06-28T11:28:53 IST" skipped="0">
  <testcase classname="com.Serviceobjectmodel.Scripts.ProductTest" name="verifyrow" time="0.032"/>
  <system-out/>
  <testcase classname="com.Serviceobjectmodel.Scripts.ProductTest" name="verifyaction" time="0.096"/>
  <system-out/>
  <testcase classname="com.Serviceobjectmodel.Scripts.ProductTest" name="verifyactionClass" time="0.227"/>
  <system-out/>
</testsuite> <!-- com.Serviceobjectmodel.Scripts.ProductTest -->
