<?xml version="1.0" encoding="UTF-8"?>
<!-- Generated by org.testng.reporters.JUnitReportReporter -->
<testsuite hostname="DESKTOP-CN5728E" failures="0" tests="4" name="com.Serviceobjectmodel.Scripts.ServiceLoginTest" time="5.051" errors="0" timestamp="2023-06-29T16:22:10 IST" skipped="0">
  <testcase classname="com.Serviceobjectmodel.Scripts.ServiceLoginTest" name="verifySigninInvalidUserInvalidpass" time="1.221"/>
  <system-out/>
  <testcase classname="com.Serviceobjectmodel.Scripts.ServiceLoginTest" name="verifySigninInvalidUserValidpass" time="0.881"/>
  <system-out/>
  <testcase classname="com.Serviceobjectmodel.Scripts.ServiceLoginTest" name="verifySigninValidUserInvalidpass" time="0.863"/>
  <system-out/>
  <testcase classname="com.Serviceobjectmodel.Scripts.ServiceLoginTest" name="verifySigninValidUserValidpass" time="2.086"/>
  <system-out/>
</testsuite> <!-- com.Serviceobjectmodel.Scripts.ServiceLoginTest -->
