<?xml version="1.0" encoding="UTF-8"?>
<!-- Generated by org.testng.reporters.JUnitReportReporter -->
<testsuite hostname="DESKTOP-CN5728E" failures="0" tests="4" name="com.Serviceobjectmodel.Scripts.ServiceLoginTest" time="5.953" errors="0" timestamp="2023-06-25T14:36:21 IST" skipped="0">
  <testcase classname="com.Serviceobjectmodel.Scripts.ServiceLoginTest" name="verifySigninInvalidUserInvalidpass" time="1.136"/>
  <system-out/>
  <testcase classname="com.Serviceobjectmodel.Scripts.ServiceLoginTest" name="verifySigninInvalidUserValidpass" time="1.217"/>
  <system-out/>
  <testcase classname="com.Serviceobjectmodel.Scripts.ServiceLoginTest" name="verifySigninValidUserInvalidpass" time="0.897"/>
  <system-out/>
  <testcase classname="com.Serviceobjectmodel.Scripts.ServiceLoginTest" name="verifySigninValidUserValidpass" time="2.703"/>
  <system-out/>
</testsuite> <!-- com.Serviceobjectmodel.Scripts.ServiceLoginTest -->
