<?xml version="1.0" encoding="UTF-8"?>
<!-- Generated by org.testng.reporters.JUnitReportReporter -->
<testsuite hostname="DESKTOP-CN5728E" failures="0" tests="10" name="com.Serviceobjectmodel.Scripts.HomeTest" time="0.001" errors="0" timestamp="2023-06-27T17:41:04 IST" skipped="10">
  <testcase classname="com.Serviceobjectmodel.Scripts.HomeTest" name="verifyingNewResultFilter" time="0.000">
    <skipped/>
  </testcase> <!-- verifyingNewResultFilter -->
  <system-out/>
  <testcase classname="com.Serviceobjectmodel.Scripts.HomeTest" name="verifyingReparation" time="0.000">
    <skipped/>
  </testcase> <!-- verifyingReparation -->
  <system-out/>
  <testcase classname="com.Serviceobjectmodel.Scripts.HomeTest" name="verifyingsearch" time="0.000">
    <skipped/>
  </testcase> <!-- verifyingsearch -->
  <system-out/>
  <testcase classname="com.Serviceobjectmodel.Scripts.HomeTest" name="verifyingColumn" time="0.000">
    <skipped/>
  </testcase> <!-- verifyingColumn -->
  <system-out/>
  <testcase classname="com.Serviceobjectmodel.Scripts.HomeTest" name="verifyingnewColumn" time="0.000">
    <skipped/>
  </testcase> <!-- verifyingnewColumn -->
  <system-out/>
  <testcase classname="com.Serviceobjectmodel.Scripts.HomeTest" name="verifyingshowdroping" time="0.000">
    <skipped/>
  </testcase> <!-- verifyingshowdroping -->
  <system-out/>
  <testcase classname="com.Serviceobjectmodel.Scripts.HomeTest" name="verifyingColumnView" time="0.001">
    <skipped/>
  </testcase> <!-- verifyingColumnView -->
  <system-out/>
  <testcase classname="com.Serviceobjectmodel.Scripts.HomeTest" name="verifyingadd" time="0.000">
    <skipped/>
  </testcase> <!-- verifyingadd -->
  <system-out/>
  <testcase classname="com.Serviceobjectmodel.Scripts.HomeTest" name="verifyingname" time="0.000">
    <skipped/>
  </testcase> <!-- verifyingname -->
  <system-out/>
  <testcase classname="com.Serviceobjectmodel.Scripts.HomeTest" name="verifyingnameclient" time="0.000">
    <skipped/>
  </testcase> <!-- verifyingnameclient -->
  <system-out/>
</testsuite> <!-- com.Serviceobjectmodel.Scripts.HomeTest -->
