<?xml version="1.0" encoding="UTF-8"?>
<!-- Generated by org.testng.reporters.JUnitReportReporter -->
<testsuite hostname="DESKTOP-CN5728E" failures="0" tests="5" name="com.Serviceobjectmodel.Scripts.ProductTest" time="2.942" errors="0" timestamp="2023-06-29T16:22:10 IST" skipped="0">
  <testcase classname="com.Serviceobjectmodel.Scripts.ProductTest" name="verifyrow" time="0.036"/>
  <system-out/>
  <testcase classname="com.Serviceobjectmodel.Scripts.ProductTest" name="verifyaction" time="0.020"/>
  <system-out/>
  <testcase classname="com.Serviceobjectmodel.Scripts.ProductTest" name="verifyactionClass" time="0.333"/>
  <system-out/>
  <testcase classname="com.Serviceobjectmodel.Scripts.ProductTest" name="verifynavigation" time="1.671"/>
  <system-out/>
  <testcase classname="com.Serviceobjectmodel.Scripts.ProductTest" name="verifypictureisuploaded" time="0.882"/>
  <system-out/>
</testsuite> <!-- com.Serviceobjectmodel.Scripts.ProductTest -->
